Connecting to database specified by database.yml
Connecting to database specified by database.yml
  [1m[36m (1.0ms)[0m  [1mselect sqlite_version(*)[0m
  [1m[35m (85.0ms)[0m  CREATE TABLE "schema_migrations" ("version" varchar(255) NOT NULL) 
  [1m[36m (0.0ms)[0m  [1mPRAGMA index_list("schema_migrations")[0m
  [1m[35m (82.0ms)[0m  CREATE UNIQUE INDEX "unique_schema_migrations" ON "schema_migrations" ("version")
  [1m[36m (0.0ms)[0m  [1mSELECT "schema_migrations"."version" FROM "schema_migrations" [0m
Migrating to CreateUsers (20130108192459)
  [1m[35m (0.0ms)[0m  begin transaction
  [1m[36m (2.0ms)[0m  [1mCREATE TABLE "users" ("id" INTEGER PRIMARY KEY AUTOINCREMENT NOT NULL, "username" varchar(255), "email" varchar(255), "level" integer, "artist_id" integer, "password" varchar(255), "created_at" datetime NOT NULL, "updated_at" datetime NOT NULL) [0m
  [1m[35m (1.0ms)[0m  INSERT INTO "schema_migrations" ("version") VALUES ('20130108192459')
  [1m[36m (89.0ms)[0m  [1mcommit transaction[0m
  [1m[35m (1.0ms)[0m  select sqlite_version(*)
  [1m[36m (0.0ms)[0m  [1mSELECT "schema_migrations"."version" FROM "schema_migrations" [0m
  [1m[35m (0.0ms)[0m  PRAGMA index_list("users")
Connecting to database specified by database.yml
Connecting to database specified by database.yml
  [1m[36m (1.0ms)[0m  [1mbegin transaction[0m
Connecting to database specified by database.yml
  [1m[36m (0.0ms)[0m  [1mSELECT "schema_migrations"."version" FROM "schema_migrations" [0m
  [1m[35m (1.0ms)[0m  select sqlite_version(*)
  [1m[36m (106.0ms)[0m  [1mCREATE TABLE "users" ("id" INTEGER PRIMARY KEY AUTOINCREMENT NOT NULL, "username" varchar(255), "email" varchar(255), "level" integer, "artist_id" integer, "password" varchar(255), "created_at" datetime NOT NULL, "updated_at" datetime NOT NULL) [0m
  [1m[35m (65.0ms)[0m  CREATE TABLE "schema_migrations" ("version" varchar(255) NOT NULL) 
  [1m[36m (0.0ms)[0m  [1mPRAGMA index_list("schema_migrations")[0m
  [1m[35m (78.0ms)[0m  CREATE UNIQUE INDEX "unique_schema_migrations" ON "schema_migrations" ("version")
  [1m[36m (0.0ms)[0m  [1mSELECT version FROM "schema_migrations"[0m
  [1m[35m (80.0ms)[0m  INSERT INTO "schema_migrations" (version) VALUES ('20130108192459')
Connecting to database specified by database.yml
  [1m[36m (0.0ms)[0m  [1mselect sqlite_version(*)[0m
  [1m[35m (93.6ms)[0m  CREATE TABLE "schema_migrations" ("version" varchar(255) NOT NULL) 
  [1m[36m (0.0ms)[0m  [1mPRAGMA index_list("schema_migrations")[0m
  [1m[35m (156.0ms)[0m  CREATE UNIQUE INDEX "unique_schema_migrations" ON "schema_migrations" ("version")
  [1m[36m (0.0ms)[0m  [1mSELECT "schema_migrations"."version" FROM "schema_migrations" [0m
Migrating to CreateUsers (20130108192459)
  [1m[35m (0.0ms)[0m  begin transaction
  [1m[36m (0.0ms)[0m  [1mCREATE TABLE "users" ("id" INTEGER PRIMARY KEY AUTOINCREMENT NOT NULL, "username" varchar(255), "email" varchar(255), "level" integer, "artist_id" integer, "password_digest" varchar(255), "created_at" datetime NOT NULL, "updated_at" datetime NOT NULL) [0m
  [1m[35m (0.0ms)[0m  PRAGMA index_list("users")
  [1m[36m (15.6ms)[0m  [1mCREATE UNIQUE INDEX "index_users_on_email" ON "users" ("email")[0m
  [1m[35m (0.0ms)[0m  INSERT INTO "schema_migrations" ("version") VALUES ('20130108192459')
  [1m[36m (78.0ms)[0m  [1mcommit transaction[0m
  [1m[35m (0.0ms)[0m  select sqlite_version(*)
  [1m[36m (0.0ms)[0m  [1mSELECT "schema_migrations"."version" FROM "schema_migrations" [0m
  [1m[35m (0.0ms)[0m  PRAGMA index_list("users")
  [1m[36m (0.0ms)[0m  [1mPRAGMA index_info('index_users_on_email')[0m
Connecting to database specified by database.yml
Connecting to database specified by database.yml
Connecting to database specified by database.yml
  [1m[36m (1.0ms)[0m  [1mSELECT "schema_migrations"."version" FROM "schema_migrations" [0m
  [1m[35m (1.0ms)[0m  select sqlite_version(*)
  [1m[36m (87.0ms)[0m  [1mCREATE TABLE "users" ("id" INTEGER PRIMARY KEY AUTOINCREMENT NOT NULL, "username" varchar(255), "email" varchar(255), "level" integer, "artist_id" integer, "password_digest" varchar(255), "created_at" datetime NOT NULL, "updated_at" datetime NOT NULL) [0m
  [1m[35m (0.0ms)[0m  PRAGMA index_list("users")
  [1m[36m (57.0ms)[0m  [1mCREATE UNIQUE INDEX "index_users_on_email" ON "users" ("email")[0m
  [1m[35m (66.0ms)[0m  CREATE TABLE "schema_migrations" ("version" varchar(255) NOT NULL) 
  [1m[36m (0.0ms)[0m  [1mPRAGMA index_list("schema_migrations")[0m
  [1m[35m (74.0ms)[0m  CREATE UNIQUE INDEX "unique_schema_migrations" ON "schema_migrations" ("version")
  [1m[36m (0.0ms)[0m  [1mSELECT version FROM "schema_migrations"[0m
  [1m[35m (72.0ms)[0m  INSERT INTO "schema_migrations" (version) VALUES ('20130108192459')
Connecting to database specified by database.yml
Connecting to database specified by database.yml
Connecting to database specified by database.yml
  [1m[36m (0.0ms)[0m  [1mSELECT "schema_migrations"."version" FROM "schema_migrations" [0m
Migrating to CreateUsers (20130108192459)
Migrating to CreateArtists (20130109162344)
  [1m[35m (0.0ms)[0m  select sqlite_version(*)
  [1m[36m (0.0ms)[0m  [1mbegin transaction[0m
  [1m[35m (2.0ms)[0m  CREATE TABLE "artists" ("id" INTEGER PRIMARY KEY AUTOINCREMENT NOT NULL, "artist_name" varchar(255), "page_link" varchar(255), "created_at" datetime NOT NULL, "updated_at" datetime NOT NULL) 
  [1m[36m (0.0ms)[0m  [1mINSERT INTO "schema_migrations" ("version") VALUES ('20130109162344')[0m
  [1m[35m (68.0ms)[0m  commit transaction
  [1m[36m (0.0ms)[0m  [1mselect sqlite_version(*)[0m
  [1m[35m (0.0ms)[0m  SELECT "schema_migrations"."version" FROM "schema_migrations" 
  [1m[36m (0.0ms)[0m  [1mPRAGMA index_list("artists")[0m
  [1m[35m (0.0ms)[0m  PRAGMA index_list("users")
  [1m[36m (0.0ms)[0m  [1mPRAGMA index_info('index_users_on_email')[0m
Connecting to database specified by database.yml
Connecting to database specified by database.yml
Connecting to database specified by database.yml
  [1m[36m (1.0ms)[0m  [1mselect sqlite_version(*)[0m
  [1m[35m (127.0ms)[0m  CREATE TABLE "schema_migrations" ("version" varchar(255) NOT NULL) 
  [1m[36m (0.0ms)[0m  [1mPRAGMA index_list("schema_migrations")[0m
  [1m[35m (63.0ms)[0m  CREATE UNIQUE INDEX "unique_schema_migrations" ON "schema_migrations" ("version")
  [1m[36m (0.0ms)[0m  [1mSELECT "schema_migrations"."version" FROM "schema_migrations" [0m
Migrating to CreateUsers (20130108192459)
  [1m[35m (0.0ms)[0m  begin transaction
  [1m[36m (2.0ms)[0m  [1mCREATE TABLE "users" ("id" INTEGER PRIMARY KEY AUTOINCREMENT NOT NULL, "username" varchar(255), "email" varchar(255), "level" integer, "artist_id" integer, "password_digest" varchar(255), "created_at" datetime NOT NULL, "updated_at" datetime NOT NULL) [0m
  [1m[35m (0.0ms)[0m  PRAGMA index_list("users")
  [1m[36m (2.0ms)[0m  [1mCREATE UNIQUE INDEX "index_users_on_email" ON "users" ("email")[0m
  [1m[35m (0.0ms)[0m  INSERT INTO "schema_migrations" ("version") VALUES ('20130108192459')
  [1m[36m (74.0ms)[0m  [1mcommit transaction[0m
Migrating to CreateArtists (20130109162344)
  [1m[35m (0.0ms)[0m  begin transaction
  [1m[36m (2.0ms)[0m  [1mCREATE TABLE "artists" ("id" INTEGER PRIMARY KEY AUTOINCREMENT NOT NULL, "artist_name" varchar(255), "page_link" varchar(255), "created_at" datetime NOT NULL, "updated_at" datetime NOT NULL) [0m
  [1m[35m (1.0ms)[0m  PRAGMA index_list("artists")
  [1m[36m (0.0ms)[0m  [1mCREATE INDEX "index_artists_on_artist_name" ON "artists" ("artist_name")[0m
  [1m[35m (0.0ms)[0m  PRAGMA index_list("artists")
  [1m[36m (0.0ms)[0m  [1mPRAGMA index_info('index_artists_on_artist_name')[0m
  [1m[35m (2.0ms)[0m  CREATE UNIQUE INDEX "index_artists_on_page_link" ON "artists" ("page_link")
  [1m[36m (0.0ms)[0m  [1mINSERT INTO "schema_migrations" ("version") VALUES ('20130109162344')[0m
  [1m[35m (70.0ms)[0m  commit transaction
  [1m[36m (0.0ms)[0m  [1mselect sqlite_version(*)[0m
  [1m[35m (0.0ms)[0m  SELECT "schema_migrations"."version" FROM "schema_migrations" 
  [1m[36m (0.0ms)[0m  [1mPRAGMA index_list("artists")[0m
  [1m[35m (0.0ms)[0m  PRAGMA index_info('index_artists_on_page_link')
  [1m[36m (0.0ms)[0m  [1mPRAGMA index_info('index_artists_on_artist_name')[0m
  [1m[35m (0.0ms)[0m  PRAGMA index_list("users")
  [1m[36m (0.0ms)[0m  [1mPRAGMA index_info('index_users_on_email')[0m
Connecting to database specified by database.yml
  [1m[36m (0.0ms)[0m  [1mselect sqlite_version(*)[0m
  [1m[35m (125.0ms)[0m  CREATE TABLE "schema_migrations" ("version" varchar(255) NOT NULL) 
  [1m[36m (0.0ms)[0m  [1mPRAGMA index_list("schema_migrations")[0m
  [1m[35m (56.0ms)[0m  CREATE UNIQUE INDEX "unique_schema_migrations" ON "schema_migrations" ("version")
  [1m[36m (0.0ms)[0m  [1mSELECT "schema_migrations"."version" FROM "schema_migrations" [0m
Migrating to CreateUsers (20130108192459)
  [1m[35m (0.0ms)[0m  begin transaction
  [1m[36m (2.0ms)[0m  [1mCREATE TABLE "users" ("id" INTEGER PRIMARY KEY AUTOINCREMENT NOT NULL, "username" varchar(255), "email" varchar(255), "level" integer, "artist_id" integer, "password_digest" varchar(255), "created_at" datetime NOT NULL, "updated_at" datetime NOT NULL) [0m
  [1m[35m (0.0ms)[0m  PRAGMA index_list("users")
  [1m[36m (2.0ms)[0m  [1mCREATE UNIQUE INDEX "index_users_on_email" ON "users" ("email")[0m
  [1m[35m (0.0ms)[0m  INSERT INTO "schema_migrations" ("version") VALUES ('20130108192459')
  [1m[36m (77.0ms)[0m  [1mcommit transaction[0m
Migrating to CreateArtists (20130109162344)
  [1m[35m (0.0ms)[0m  begin transaction
  [1m[36m (3.0ms)[0m  [1mCREATE TABLE "artists" ("id" INTEGER PRIMARY KEY AUTOINCREMENT NOT NULL, "artist_name" varchar(255), "page_link" varchar(255), "user_id" integer, "created_at" datetime NOT NULL, "updated_at" datetime NOT NULL) [0m
  [1m[35m (0.0ms)[0m  PRAGMA index_list("artists")
  [1m[36m (0.0ms)[0m  [1mCREATE INDEX "index_artists_on_artist_name" ON "artists" ("artist_name")[0m
  [1m[35m (0.0ms)[0m  PRAGMA index_list("artists")
  [1m[36m (0.0ms)[0m  [1mPRAGMA index_info('index_artists_on_artist_name')[0m
  [1m[35m (2.0ms)[0m  CREATE UNIQUE INDEX "index_artists_on_page_link" ON "artists" ("page_link")
  [1m[36m (1.0ms)[0m  [1mINSERT INTO "schema_migrations" ("version") VALUES ('20130109162344')[0m
  [1m[35m (82.0ms)[0m  commit transaction
  [1m[36m (1.0ms)[0m  [1mselect sqlite_version(*)[0m
  [1m[35m (1.0ms)[0m  SELECT "schema_migrations"."version" FROM "schema_migrations" 
  [1m[36m (0.0ms)[0m  [1mPRAGMA index_list("artists")[0m
  [1m[35m (0.0ms)[0m  PRAGMA index_info('index_artists_on_page_link')
  [1m[36m (0.0ms)[0m  [1mPRAGMA index_info('index_artists_on_artist_name')[0m
  [1m[35m (0.0ms)[0m  PRAGMA index_list("users")
  [1m[36m (0.0ms)[0m  [1mPRAGMA index_info('index_users_on_email')[0m
Connecting to database specified by database.yml
Connecting to database specified by database.yml
  [1m[36m (0.0ms)[0m  [1mselect sqlite_version(*)[0m
  [1m[35m (109.0ms)[0m  CREATE TABLE "schema_migrations" ("version" varchar(255) NOT NULL) 
  [1m[36m (0.0ms)[0m  [1mPRAGMA index_list("schema_migrations")[0m
  [1m[35m (63.0ms)[0m  CREATE UNIQUE INDEX "unique_schema_migrations" ON "schema_migrations" ("version")
  [1m[36m (0.0ms)[0m  [1mSELECT "schema_migrations"."version" FROM "schema_migrations" [0m
Connecting to database specified by database.yml
  [1m[36m (0.0ms)[0m  [1mSELECT "schema_migrations"."version" FROM "schema_migrations" [0m
Migrating to CreateUsers (20130108192459)
  [1m[35m (0.0ms)[0m  select sqlite_version(*)
  [1m[36m (0.0ms)[0m  [1mbegin transaction[0m
  [1m[35m (3.0ms)[0m  CREATE TABLE "users" ("id" INTEGER PRIMARY KEY AUTOINCREMENT NOT NULL, "username" varchar(255), "email" varchar(255), "level" integer, "artist_id" integer, "password_digest" varchar(255), "created_at" datetime NOT NULL, "updated_at" datetime NOT NULL) 
  [1m[36m (0.0ms)[0m  [1mPRAGMA index_list("users")[0m
  [1m[35m (4.0ms)[0m  CREATE UNIQUE INDEX "index_users_on_email" ON "users" ("email")
  [1m[36m (0.0ms)[0m  [1mINSERT INTO "schema_migrations" ("version") VALUES ('20130108192459')[0m
  [1m[35m (179.0ms)[0m  commit transaction
Migrating to CreateArtists (20130109162344)
  [1m[36m (0.0ms)[0m  [1mbegin transaction[0m
  [1m[35m (2.0ms)[0m  CREATE TABLE "artists" ("id" INTEGER PRIMARY KEY AUTOINCREMENT NOT NULL, "artist_name" varchar(255), "page_link" varchar(255), "user_id" integer, "created_at" datetime NOT NULL, "updated_at" datetime NOT NULL) 
  [1m[36m (0.0ms)[0m  [1mPRAGMA index_list("artists")[0m
  [1m[35m (0.0ms)[0m  CREATE INDEX "index_artists_on_artist_name" ON "artists" ("artist_name")
  [1m[36m (0.0ms)[0m  [1mPRAGMA index_list("artists")[0m
  [1m[35m (0.0ms)[0m  PRAGMA index_info('index_artists_on_artist_name')
  [1m[36m (3.0ms)[0m  [1mCREATE UNIQUE INDEX "index_artists_on_page_link" ON "artists" ("page_link")[0m
  [1m[35m (0.0ms)[0m  INSERT INTO "schema_migrations" ("version") VALUES ('20130109162344')
  [1m[36m (77.0ms)[0m  [1mcommit transaction[0m
  [1m[35m (0.0ms)[0m  select sqlite_version(*)
  [1m[36m (1.0ms)[0m  [1mSELECT "schema_migrations"."version" FROM "schema_migrations" [0m
  [1m[35m (0.0ms)[0m  PRAGMA index_list("artists")
  [1m[36m (0.0ms)[0m  [1mPRAGMA index_info('index_artists_on_page_link')[0m
  [1m[35m (0.0ms)[0m  PRAGMA index_info('index_artists_on_artist_name')
  [1m[36m (0.0ms)[0m  [1mPRAGMA index_list("users")[0m
  [1m[35m (1.0ms)[0m  PRAGMA index_info('index_users_on_email')
Connecting to database specified by database.yml
  [1m[36m (0.0ms)[0m  [1mSELECT "schema_migrations"."version" FROM "schema_migrations" [0m
  [1m[35m (0.0ms)[0m  select sqlite_version(*)
  [1m[36m (80.0ms)[0m  [1mCREATE TABLE "artists" ("id" INTEGER PRIMARY KEY AUTOINCREMENT NOT NULL, "artist_name" varchar(255), "page_link" varchar(255), "user_id" integer, "created_at" datetime NOT NULL, "updated_at" datetime NOT NULL) [0m
  [1m[35m (0.0ms)[0m  PRAGMA index_list("artists")
  [1m[36m (62.0ms)[0m  [1mCREATE INDEX "index_artists_on_artist_name" ON "artists" ("artist_name")[0m
  [1m[35m (1.0ms)[0m  PRAGMA index_list("artists")
  [1m[36m (0.0ms)[0m  [1mPRAGMA index_info('index_artists_on_artist_name')[0m
  [1m[35m (83.0ms)[0m  CREATE UNIQUE INDEX "index_artists_on_page_link" ON "artists" ("page_link")
  [1m[36m (76.0ms)[0m  [1mCREATE TABLE "users" ("id" INTEGER PRIMARY KEY AUTOINCREMENT NOT NULL, "username" varchar(255), "email" varchar(255), "level" integer, "artist_id" integer, "password_digest" varchar(255), "created_at" datetime NOT NULL, "updated_at" datetime NOT NULL) [0m
  [1m[35m (1.0ms)[0m  PRAGMA index_list("users")
  [1m[36m (79.0ms)[0m  [1mCREATE UNIQUE INDEX "index_users_on_email" ON "users" ("email")[0m
  [1m[35m (76.0ms)[0m  CREATE TABLE "schema_migrations" ("version" varchar(255) NOT NULL) 
  [1m[36m (0.0ms)[0m  [1mPRAGMA index_list("schema_migrations")[0m
  [1m[35m (73.0ms)[0m  CREATE UNIQUE INDEX "unique_schema_migrations" ON "schema_migrations" ("version")
  [1m[36m (0.0ms)[0m  [1mSELECT version FROM "schema_migrations"[0m
  [1m[35m (80.0ms)[0m  INSERT INTO "schema_migrations" (version) VALUES ('20130109162344')
  [1m[36m (74.0ms)[0m  [1mINSERT INTO "schema_migrations" (version) VALUES ('20130108192459')[0m
Connecting to database specified by database.yml
Connecting to database specified by database.yml
  [1m[36m (0.0ms)[0m  [1mselect sqlite_version(*)[0m
  [1m[35m (90.0ms)[0m  CREATE TABLE "schema_migrations" ("version" varchar(255) NOT NULL) 
  [1m[36m (0.0ms)[0m  [1mPRAGMA index_list("schema_migrations")[0m
  [1m[35m (82.0ms)[0m  CREATE UNIQUE INDEX "unique_schema_migrations" ON "schema_migrations" ("version")
  [1m[36m (0.0ms)[0m  [1mSELECT "schema_migrations"."version" FROM "schema_migrations" [0m
Migrating to CreateUsers (20130108192459)
  [1m[35m (0.0ms)[0m  begin transaction
  [1m[36m (2.0ms)[0m  [1mCREATE TABLE "users" ("id" INTEGER PRIMARY KEY AUTOINCREMENT NOT NULL, "username" varchar(255), "email" varchar(255), "level" integer, "artist_id" integer, "password_digest" varchar(255), "created_at" datetime NOT NULL, "updated_at" datetime NOT NULL) [0m
  [1m[35m (1.0ms)[0m  PRAGMA index_list("users")
  [1m[36m (2.0ms)[0m  [1mCREATE UNIQUE INDEX "index_users_on_username" ON "users" ("username")[0m
  [1m[35m (0.0ms)[0m  PRAGMA index_list("users")
  [1m[36m (1.0ms)[0m  [1mPRAGMA index_info('index_users_on_username')[0m
  [1m[35m (1.0ms)[0m  CREATE UNIQUE INDEX "index_users_on_email" ON "users" ("email")
  [1m[36m (0.0ms)[0m  [1mINSERT INTO "schema_migrations" ("version") VALUES ('20130108192459')[0m
  [1m[35m (155.0ms)[0m  commit transaction
Migrating to CreateArtists (20130109162344)
  [1m[36m (0.0ms)[0m  [1mbegin transaction[0m
  [1m[35m (2.0ms)[0m  CREATE TABLE "artists" ("id" INTEGER PRIMARY KEY AUTOINCREMENT NOT NULL, "artist_name" varchar(255), "page_link" varchar(255), "user_id" integer, "created_at" datetime NOT NULL, "updated_at" datetime NOT NULL) 
  [1m[36m (0.0ms)[0m  [1mPRAGMA index_list("artists")[0m
  [1m[35m (2.0ms)[0m  CREATE UNIQUE INDEX "index_artists_on_artist_name" ON "artists" ("artist_name")
  [1m[36m (0.0ms)[0m  [1mPRAGMA index_list("artists")[0m
  [1m[35m (0.0ms)[0m  PRAGMA index_info('index_artists_on_artist_name')
  [1m[36m (0.0ms)[0m  [1mCREATE UNIQUE INDEX "index_artists_on_page_link" ON "artists" ("page_link")[0m
  [1m[35m (0.0ms)[0m  INSERT INTO "schema_migrations" ("version") VALUES ('20130109162344')
  [1m[36m (79.0ms)[0m  [1mcommit transaction[0m
  [1m[35m (0.0ms)[0m  select sqlite_version(*)
  [1m[36m (1.0ms)[0m  [1mSELECT "schema_migrations"."version" FROM "schema_migrations" [0m
  [1m[35m (0.0ms)[0m  PRAGMA index_list("artists")
  [1m[36m (0.0ms)[0m  [1mPRAGMA index_info('index_artists_on_page_link')[0m
  [1m[35m (1.0ms)[0m  PRAGMA index_info('index_artists_on_artist_name')
  [1m[36m (0.0ms)[0m  [1mPRAGMA index_list("users")[0m
  [1m[35m (0.0ms)[0m  PRAGMA index_info('index_users_on_email')
  [1m[36m (0.0ms)[0m  [1mPRAGMA index_info('index_users_on_username')[0m
Connecting to database specified by database.yml
  [1m[36m (1.0ms)[0m  [1mSELECT "schema_migrations"."version" FROM "schema_migrations" [0m
  [1m[35m (1.0ms)[0m  select sqlite_version(*)
  [1m[36m (167.0ms)[0m  [1mCREATE TABLE "artists" ("id" INTEGER PRIMARY KEY AUTOINCREMENT NOT NULL, "artist_name" varchar(255), "page_link" varchar(255), "user_id" integer, "created_at" datetime NOT NULL, "updated_at" datetime NOT NULL) [0m
  [1m[35m (1.0ms)[0m  PRAGMA index_list("artists")
  [1m[36m (180.0ms)[0m  [1mCREATE UNIQUE INDEX "index_artists_on_artist_name" ON "artists" ("artist_name")[0m
  [1m[35m (0.0ms)[0m  PRAGMA index_list("artists")
  [1m[36m (0.0ms)[0m  [1mPRAGMA index_info('index_artists_on_artist_name')[0m
  [1m[35m (202.0ms)[0m  CREATE UNIQUE INDEX "index_artists_on_page_link" ON "artists" ("page_link")
  [1m[36m (80.0ms)[0m  [1mCREATE TABLE "users" ("id" INTEGER PRIMARY KEY AUTOINCREMENT NOT NULL, "username" varchar(255), "email" varchar(255), "level" integer, "artist_id" integer, "password_digest" varchar(255), "created_at" datetime NOT NULL, "updated_at" datetime NOT NULL) [0m
  [1m[35m (0.0ms)[0m  PRAGMA index_list("users")
  [1m[36m (71.0ms)[0m  [1mCREATE UNIQUE INDEX "index_users_on_email" ON "users" ("email")[0m
  [1m[35m (0.0ms)[0m  PRAGMA index_list("users")
  [1m[36m (0.0ms)[0m  [1mPRAGMA index_info('index_users_on_email')[0m
  [1m[35m (82.0ms)[0m  CREATE UNIQUE INDEX "index_users_on_username" ON "users" ("username")
  [1m[36m (116.0ms)[0m  [1mCREATE TABLE "schema_migrations" ("version" varchar(255) NOT NULL) [0m
  [1m[35m (0.0ms)[0m  PRAGMA index_list("schema_migrations")
  [1m[36m (113.0ms)[0m  [1mCREATE UNIQUE INDEX "unique_schema_migrations" ON "schema_migrations" ("version")[0m
  [1m[35m (1.0ms)[0m  SELECT version FROM "schema_migrations"
  [1m[36m (115.0ms)[0m  [1mINSERT INTO "schema_migrations" (version) VALUES ('20130109162344')[0m
  [1m[35m (223.0ms)[0m  INSERT INTO "schema_migrations" (version) VALUES ('20130108192459')
Connecting to database specified by database.yml
  [1m[36m (0.0ms)[0m  [1mSELECT "schema_migrations"."version" FROM "schema_migrations" [0m
Migrating to CreateUsers (20130108192459)
Migrating to CreateArtists (20130109162344)
  [1m[35m (1.0ms)[0m  select sqlite_version(*)
  [1m[36m (0.0ms)[0m  [1mSELECT "schema_migrations"."version" FROM "schema_migrations" [0m
  [1m[35m (0.0ms)[0m  PRAGMA index_list("artists")
  [1m[36m (0.0ms)[0m  [1mPRAGMA index_info('index_artists_on_page_link')[0m
  [1m[35m (0.0ms)[0m  PRAGMA index_info('index_artists_on_artist_name')
  [1m[36m (0.0ms)[0m  [1mPRAGMA index_list("users")[0m
  [1m[35m (0.0ms)[0m  PRAGMA index_info('index_users_on_email')
  [1m[36m (0.0ms)[0m  [1mPRAGMA index_info('index_users_on_username')[0m
Connecting to database specified by database.yml
  [1m[36m (0.0ms)[0m  [1mSELECT "schema_migrations"."version" FROM "schema_migrations" [0m
  [1m[35m (2.0ms)[0m  select sqlite_version(*)
  [1m[36m (144.0ms)[0m  [1mCREATE TABLE "artists" ("id" INTEGER PRIMARY KEY AUTOINCREMENT NOT NULL, "artist_name" varchar(255), "page_link" varchar(255), "user_id" integer, "created_at" datetime NOT NULL, "updated_at" datetime NOT NULL) [0m
  [1m[35m (1.0ms)[0m  PRAGMA index_list("artists")
  [1m[36m (117.0ms)[0m  [1mCREATE UNIQUE INDEX "index_artists_on_artist_name" ON "artists" ("artist_name")[0m
  [1m[35m (0.0ms)[0m  PRAGMA index_list("artists")
  [1m[36m (0.0ms)[0m  [1mPRAGMA index_info('index_artists_on_artist_name')[0m
  [1m[35m (87.0ms)[0m  CREATE UNIQUE INDEX "index_artists_on_page_link" ON "artists" ("page_link")
  [1m[36m (114.0ms)[0m  [1mCREATE TABLE "users" ("id" INTEGER PRIMARY KEY AUTOINCREMENT NOT NULL, "username" varchar(255), "email" varchar(255), "level" integer, "artist_id" integer, "password_digest" varchar(255), "created_at" datetime NOT NULL, "updated_at" datetime NOT NULL) [0m
  [1m[35m (0.0ms)[0m  PRAGMA index_list("users")
  [1m[36m (73.0ms)[0m  [1mCREATE UNIQUE INDEX "index_users_on_email" ON "users" ("email")[0m
  [1m[35m (0.0ms)[0m  PRAGMA index_list("users")
  [1m[36m (0.0ms)[0m  [1mPRAGMA index_info('index_users_on_email')[0m
  [1m[35m (131.0ms)[0m  CREATE UNIQUE INDEX "index_users_on_username" ON "users" ("username")
  [1m[36m (123.0ms)[0m  [1mCREATE TABLE "schema_migrations" ("version" varchar(255) NOT NULL) [0m
  [1m[35m (0.0ms)[0m  PRAGMA index_list("schema_migrations")
  [1m[36m (230.0ms)[0m  [1mCREATE UNIQUE INDEX "unique_schema_migrations" ON "schema_migrations" ("version")[0m
  [1m[35m (1.0ms)[0m  SELECT version FROM "schema_migrations"
  [1m[36m (153.0ms)[0m  [1mINSERT INTO "schema_migrations" (version) VALUES ('20130109162344')[0m
  [1m[35m (140.0ms)[0m  INSERT INTO "schema_migrations" (version) VALUES ('20130108192459')
Connecting to database specified by database.yml
  [1m[36m (0.0ms)[0m  [1mselect sqlite_version(*)[0m
  [1m[35m (204.0ms)[0m  CREATE TABLE "schema_migrations" ("version" varchar(255) NOT NULL) 
  [1m[36m (0.0ms)[0m  [1mPRAGMA index_list("schema_migrations")[0m
  [1m[35m (86.0ms)[0m  CREATE UNIQUE INDEX "unique_schema_migrations" ON "schema_migrations" ("version")
  [1m[36m (0.0ms)[0m  [1mSELECT "schema_migrations"."version" FROM "schema_migrations" [0m
Migrating to CreateUsers (20130108192459)
  [1m[35m (0.0ms)[0m  begin transaction
  [1m[36m (2.0ms)[0m  [1mCREATE TABLE "users" ("id" INTEGER PRIMARY KEY AUTOINCREMENT NOT NULL, "username" varchar(255), "email" varchar(255), "level" integer, "artist_id" integer, "password_digest" varchar(255), "created_at" datetime NOT NULL, "updated_at" datetime NOT NULL) [0m
  [1m[35m (0.0ms)[0m  PRAGMA index_list("users")
  [1m[36m (2.0ms)[0m  [1mCREATE UNIQUE INDEX "index_users_on_username" ON "users" ("username")[0m
  [1m[35m (0.0ms)[0m  PRAGMA index_list("users")
  [1m[36m (0.0ms)[0m  [1mPRAGMA index_info('index_users_on_username')[0m
  [1m[35m (0.0ms)[0m  CREATE UNIQUE INDEX "index_users_on_email" ON "users" ("email")
  [1m[36m (1.0ms)[0m  [1mINSERT INTO "schema_migrations" ("version") VALUES ('20130108192459')[0m
  [1m[35m (77.0ms)[0m  commit transaction
Migrating to CreateArtists (20130109162344)
  [1m[36m (0.0ms)[0m  [1mbegin transaction[0m
  [1m[35m (2.0ms)[0m  CREATE TABLE "artists" ("id" INTEGER PRIMARY KEY AUTOINCREMENT NOT NULL, "artist_name" varchar(255), "page_link" varchar(255), "user_id" integer, "created_at" datetime NOT NULL, "updated_at" datetime NOT NULL) 
  [1m[36m (0.0ms)[0m  [1mPRAGMA index_list("artists")[0m
  [1m[35m (2.0ms)[0m  CREATE UNIQUE INDEX "index_artists_on_artist_name" ON "artists" ("artist_name")
  [1m[36m (1.0ms)[0m  [1mPRAGMA index_list("artists")[0m
  [1m[35m (0.0ms)[0m  PRAGMA index_info('index_artists_on_artist_name')
  [1m[36m (1.0ms)[0m  [1mCREATE UNIQUE INDEX "index_artists_on_page_link" ON "artists" ("page_link")[0m
  [1m[35m (0.0ms)[0m  INSERT INTO "schema_migrations" ("version") VALUES ('20130109162344')
  [1m[36m (71.0ms)[0m  [1mcommit transaction[0m
  [1m[35m (1.0ms)[0m  select sqlite_version(*)
  [1m[36m (1.0ms)[0m  [1mSELECT "schema_migrations"."version" FROM "schema_migrations" [0m
  [1m[35m (0.0ms)[0m  PRAGMA index_list("artists")
  [1m[36m (0.0ms)[0m  [1mPRAGMA index_info('index_artists_on_page_link')[0m
  [1m[35m (0.0ms)[0m  PRAGMA index_info('index_artists_on_artist_name')
  [1m[36m (0.0ms)[0m  [1mPRAGMA index_list("users")[0m
  [1m[35m (0.0ms)[0m  PRAGMA index_info('index_users_on_email')
  [1m[36m (0.0ms)[0m  [1mPRAGMA index_info('index_users_on_username')[0m
Connecting to database specified by database.yml
  [1m[36m (1.0ms)[0m  [1mSELECT "schema_migrations"."version" FROM "schema_migrations" [0m
  [1m[35m (1.0ms)[0m  select sqlite_version(*)
  [1m[36m (192.0ms)[0m  [1mCREATE TABLE "artists" ("id" INTEGER PRIMARY KEY AUTOINCREMENT NOT NULL, "artist_name" varchar(255), "page_link" varchar(255), "user_id" integer, "created_at" datetime NOT NULL, "updated_at" datetime NOT NULL) [0m
  [1m[35m (0.0ms)[0m  PRAGMA index_list("artists")
  [1m[36m (272.0ms)[0m  [1mCREATE UNIQUE INDEX "index_artists_on_artist_name" ON "artists" ("artist_name")[0m
  [1m[35m (0.0ms)[0m  PRAGMA index_list("artists")
  [1m[36m (0.0ms)[0m  [1mPRAGMA index_info('index_artists_on_artist_name')[0m
  [1m[35m (208.0ms)[0m  CREATE UNIQUE INDEX "index_artists_on_page_link" ON "artists" ("page_link")
  [1m[36m (179.0ms)[0m  [1mCREATE TABLE "users" ("id" INTEGER PRIMARY KEY AUTOINCREMENT NOT NULL, "username" varchar(255), "email" varchar(255), "level" integer, "artist_id" integer, "password_digest" varchar(255), "created_at" datetime NOT NULL, "updated_at" datetime NOT NULL) [0m
  [1m[35m (0.0ms)[0m  PRAGMA index_list("users")
  [1m[36m (271.0ms)[0m  [1mCREATE UNIQUE INDEX "index_users_on_email" ON "users" ("email")[0m
  [1m[35m (0.0ms)[0m  PRAGMA index_list("users")
  [1m[36m (0.0ms)[0m  [1mPRAGMA index_info('index_users_on_email')[0m
  [1m[35m (263.0ms)[0m  CREATE UNIQUE INDEX "index_users_on_username" ON "users" ("username")
  [1m[36m (319.0ms)[0m  [1mCREATE TABLE "schema_migrations" ("version" varchar(255) NOT NULL) [0m
  [1m[35m (1.0ms)[0m  PRAGMA index_list("schema_migrations")
  [1m[36m (174.0ms)[0m  [1mCREATE UNIQUE INDEX "unique_schema_migrations" ON "schema_migrations" ("version")[0m
  [1m[35m (0.0ms)[0m  SELECT version FROM "schema_migrations"
  [1m[36m (182.0ms)[0m  [1mINSERT INTO "schema_migrations" (version) VALUES ('20130109162344')[0m
  [1m[35m (170.0ms)[0m  INSERT INTO "schema_migrations" (version) VALUES ('20130108192459')
Connecting to database specified by database.yml
Connecting to database specified by database.yml
  [1m[36m (1.0ms)[0m  [1mbegin transaction[0m
Binary data inserted for `string` type on column `password_digest`
Connecting to database specified by database.yml
  [1m[36m (0.0ms)[0m  [1mSELECT "schema_migrations"."version" FROM "schema_migrations" [0m
Migrating to CreateUsers (20130108192459)
Migrating to CreateArtists (20130109162344)
Migrating to CreateCredits (20130109221124)
  [1m[35m (0.0ms)[0m  select sqlite_version(*)
  [1m[36m (0.0ms)[0m  [1mbegin transaction[0m
  [1m[35m (5019.0ms)[0m  CREATE TABLE "credits" ("id" INTEGER PRIMARY KEY AUTOINCREMENT NOT NULL, "image_id" integer, "artist_id" integer, "created_at" datetime NOT NULL, "updated_at" datetime NOT NULL) 
SQLite3::BusyException: database is locked: CREATE TABLE "credits" ("id" INTEGER PRIMARY KEY AUTOINCREMENT NOT NULL, "image_id" integer, "artist_id" integer, "created_at" datetime NOT NULL, "updated_at" datetime NOT NULL) 
  [1m[36m (0.0ms)[0m  [1mrollback transaction[0m
Connecting to database specified by database.yml
  [1m[36m (0.0ms)[0m  [1mSELECT "schema_migrations"."version" FROM "schema_migrations" [0m
Migrating to CreateUsers (20130108192459)
Migrating to CreateArtists (20130109162344)
Migrating to CreateCredits (20130109221124)
  [1m[35m (0.0ms)[0m  select sqlite_version(*)
  [1m[36m (0.0ms)[0m  [1mbegin transaction[0m
  [1m[35m (2.0ms)[0m  CREATE TABLE "credits" ("id" INTEGER PRIMARY KEY AUTOINCREMENT NOT NULL, "image_id" integer, "artist_id" integer, "created_at" datetime NOT NULL, "updated_at" datetime NOT NULL) 
  [1m[36m (0.0ms)[0m  [1mPRAGMA index_list("credits")[0m
  [1m[35m (0.0ms)[0m  CREATE INDEX "index_credits_on_image_id" ON "credits" ("image_id")
  [1m[36m (1.0ms)[0m  [1mPRAGMA index_list("credits")[0m
  [1m[35m (0.0ms)[0m  PRAGMA index_info('index_credits_on_image_id')
  [1m[36m (0.0ms)[0m  [1mCREATE INDEX "index_credits_on_artist_id" ON "credits" ("artist_id")[0m
  [1m[35m (1.0ms)[0m  INSERT INTO "schema_migrations" ("version") VALUES ('20130109221124')
  [1m[36m (157.0ms)[0m  [1mcommit transaction[0m
  [1m[35m (1.0ms)[0m  select sqlite_version(*)
  [1m[36m (0.0ms)[0m  [1mSELECT "schema_migrations"."version" FROM "schema_migrations" [0m
  [1m[35m (0.0ms)[0m  PRAGMA index_list("artists")
  [1m[36m (0.0ms)[0m  [1mPRAGMA index_info('index_artists_on_page_link')[0m
  [1m[35m (0.0ms)[0m  PRAGMA index_info('index_artists_on_artist_name')
  [1m[36m (0.0ms)[0m  [1mPRAGMA index_list("credits")[0m
  [1m[35m (0.0ms)[0m  PRAGMA index_info('index_credits_on_artist_id')
  [1m[36m (1.0ms)[0m  [1mPRAGMA index_info('index_credits_on_image_id')[0m
  [1m[35m (0.0ms)[0m  PRAGMA index_list("users")
  [1m[36m (0.0ms)[0m  [1mPRAGMA index_info('index_users_on_email')[0m
  [1m[35m (0.0ms)[0m  PRAGMA index_info('index_users_on_username')
Connecting to database specified by database.yml
  [1m[36m (0.0ms)[0m  [1mSELECT "schema_migrations"."version" FROM "schema_migrations" [0m
Connecting to database specified by database.yml
Connecting to database specified by database.yml
  [1m[36m (0.0ms)[0m  [1mSELECT "schema_migrations"."version" FROM "schema_migrations" [0m
  [1m[35m (0.0ms)[0m  select sqlite_version(*)
  [1m[36m (139.0ms)[0m  [1mCREATE TABLE "artists" ("id" INTEGER PRIMARY KEY AUTOINCREMENT NOT NULL, "artist_name" varchar(255), "page_link" varchar(255), "user_id" integer, "created_at" datetime NOT NULL, "updated_at" datetime NOT NULL) [0m
  [1m[35m (0.0ms)[0m  PRAGMA index_list("artists")
  [1m[36m (73.0ms)[0m  [1mCREATE UNIQUE INDEX "index_artists_on_artist_name" ON "artists" ("artist_name")[0m
  [1m[35m (0.0ms)[0m  PRAGMA index_list("artists")
  [1m[36m (1.0ms)[0m  [1mPRAGMA index_info('index_artists_on_artist_name')[0m
  [1m[35m (82.0ms)[0m  CREATE UNIQUE INDEX "index_artists_on_page_link" ON "artists" ("page_link")
  [1m[36m (80.0ms)[0m  [1mCREATE TABLE "credits" ("id" INTEGER PRIMARY KEY AUTOINCREMENT NOT NULL, "image_id" integer, "artist_id" integer, "created_at" datetime NOT NULL, "updated_at" datetime NOT NULL) [0m
  [1m[35m (0.0ms)[0m  PRAGMA index_list("credits")
  [1m[36m (81.0ms)[0m  [1mCREATE INDEX "index_credits_on_artist_id" ON "credits" ("artist_id")[0m
  [1m[35m (0.0ms)[0m  PRAGMA index_list("credits")
  [1m[36m (0.0ms)[0m  [1mPRAGMA index_info('index_credits_on_artist_id')[0m
  [1m[35m (89.0ms)[0m  CREATE INDEX "index_credits_on_image_id" ON "credits" ("image_id")
  [1m[36m (79.0ms)[0m  [1mCREATE TABLE "users" ("id" INTEGER PRIMARY KEY AUTOINCREMENT NOT NULL, "username" varchar(255), "email" varchar(255), "level" integer, "artist_id" integer, "password_digest" varchar(255), "created_at" datetime NOT NULL, "updated_at" datetime NOT NULL) [0m
  [1m[35m (0.0ms)[0m  PRAGMA index_list("users")
  [1m[36m (79.0ms)[0m  [1mCREATE UNIQUE INDEX "index_users_on_email" ON "users" ("email")[0m
  [1m[35m (0.0ms)[0m  PRAGMA index_list("users")
  [1m[36m (0.0ms)[0m  [1mPRAGMA index_info('index_users_on_email')[0m
  [1m[35m (72.0ms)[0m  CREATE UNIQUE INDEX "index_users_on_username" ON "users" ("username")
  [1m[36m (73.0ms)[0m  [1mCREATE TABLE "schema_migrations" ("version" varchar(255) NOT NULL) [0m
  [1m[35m (0.0ms)[0m  PRAGMA index_list("schema_migrations")
  [1m[36m (83.0ms)[0m  [1mCREATE UNIQUE INDEX "unique_schema_migrations" ON "schema_migrations" ("version")[0m
  [1m[35m (1.0ms)[0m  SELECT version FROM "schema_migrations"
  [1m[36m (79.0ms)[0m  [1mINSERT INTO "schema_migrations" (version) VALUES ('20130109221124')[0m
  [1m[35m (83.0ms)[0m  INSERT INTO "schema_migrations" (version) VALUES ('20130108192459')
  [1m[36m (73.0ms)[0m  [1mINSERT INTO "schema_migrations" (version) VALUES ('20130109162344')[0m
Connecting to database specified by database.yml
Connecting to database specified by database.yml
  [1m[36m (1.0ms)[0m  [1mSELECT "schema_migrations"."version" FROM "schema_migrations" [0m
Migrating to CreateUsers (20130108192459)
Migrating to CreateArtists (20130109162344)
Migrating to CreateCredits (20130109221124)
Migrating to CreateImages (20130110025320)
  [1m[35m (1.0ms)[0m  select sqlite_version(*)
  [1m[36m (0.0ms)[0m  [1mbegin transaction[0m
  [1m[35m (2.0ms)[0m  CREATE TABLE "images" ("id" INTEGER PRIMARY KEY AUTOINCREMENT NOT NULL, "credit_id" integer, "image_link" varchar(255), "facebook_link" varchar(255), "gplus_link" varchar(255), "is_commercial" boolean, "is_filtered" boolean, "is_front_page" boolean, "is_published" boolean, "view_count" integer, "created_at" datetime NOT NULL, "updated_at" datetime NOT NULL) 
  [1m[36m (0.0ms)[0m  [1mPRAGMA index_list("images")[0m
  [1m[35m (2.0ms)[0m  CREATE UNIQUE INDEX "index_images_on_credit_id" ON "images" ("credit_id")
  [1m[36m (0.0ms)[0m  [1mPRAGMA index_list("images")[0m
  [1m[35m (0.0ms)[0m  PRAGMA index_info('index_images_on_credit_id')
  [1m[36m (1.0ms)[0m  [1mCREATE UNIQUE INDEX "index_images_on_image_link" ON "images" ("image_link")[0m
  [1m[35m (0.0ms)[0m  PRAGMA index_list("images")
  [1m[36m (0.0ms)[0m  [1mPRAGMA index_info('index_images_on_image_link')[0m
  [1m[35m (0.0ms)[0m  PRAGMA index_info('index_images_on_credit_id')
  [1m[36m (0.0ms)[0m  [1mCREATE UNIQUE INDEX "index_images_on_facebook_link" ON "images" ("facebook_link")[0m
  [1m[35m (0.0ms)[0m  PRAGMA index_list("images")
  [1m[36m (0.0ms)[0m  [1mPRAGMA index_info('index_images_on_facebook_link')[0m
  [1m[35m (0.0ms)[0m  PRAGMA index_info('index_images_on_image_link')
  [1m[36m (0.0ms)[0m  [1mPRAGMA index_info('index_images_on_credit_id')[0m
  [1m[35m (0.0ms)[0m  CREATE UNIQUE INDEX "index_images_on_gplus_link" ON "images" ("gplus_link")
  [1m[36m (0.0ms)[0m  [1mINSERT INTO "schema_migrations" ("version") VALUES ('20130110025320')[0m
  [1m[35m (172.0ms)[0m  commit transaction
  [1m[36m (1.0ms)[0m  [1mselect sqlite_version(*)[0m
  [1m[35m (0.0ms)[0m  SELECT "schema_migrations"."version" FROM "schema_migrations" 
  [1m[36m (0.0ms)[0m  [1mPRAGMA index_list("artists")[0m
  [1m[35m (0.0ms)[0m  PRAGMA index_info('index_artists_on_page_link')
  [1m[36m (0.0ms)[0m  [1mPRAGMA index_info('index_artists_on_artist_name')[0m
  [1m[35m (0.0ms)[0m  PRAGMA index_list("credits")
  [1m[36m (0.0ms)[0m  [1mPRAGMA index_info('index_credits_on_artist_id')[0m
  [1m[35m (0.0ms)[0m  PRAGMA index_info('index_credits_on_image_id')
  [1m[36m (0.0ms)[0m  [1mPRAGMA index_list("images")[0m
  [1m[35m (0.0ms)[0m  PRAGMA index_info('index_images_on_gplus_link')
  [1m[36m (0.0ms)[0m  [1mPRAGMA index_info('index_images_on_facebook_link')[0m
  [1m[35m (0.0ms)[0m  PRAGMA index_info('index_images_on_image_link')
  [1m[36m (0.0ms)[0m  [1mPRAGMA index_info('index_images_on_credit_id')[0m
  [1m[35m (0.0ms)[0m  PRAGMA index_list("users")
  [1m[36m (0.0ms)[0m  [1mPRAGMA index_info('index_users_on_email')[0m
  [1m[35m (1.0ms)[0m  PRAGMA index_info('index_users_on_username')
Connecting to database specified by database.yml
  [1m[36m (0.0ms)[0m  [1mSELECT "schema_migrations"."version" FROM "schema_migrations" [0m
  [1m[35m (1.0ms)[0m  select sqlite_version(*)
  [1m[36m (452.0ms)[0m  [1mCREATE TABLE "artists" ("id" INTEGER PRIMARY KEY AUTOINCREMENT NOT NULL, "artist_name" varchar(255), "page_link" varchar(255), "user_id" integer, "created_at" datetime NOT NULL, "updated_at" datetime NOT NULL) [0m
  [1m[35m (0.0ms)[0m  PRAGMA index_list("artists")
  [1m[36m (79.0ms)[0m  [1mCREATE UNIQUE INDEX "index_artists_on_artist_name" ON "artists" ("artist_name")[0m
  [1m[35m (0.0ms)[0m  PRAGMA index_list("artists")
  [1m[36m (0.0ms)[0m  [1mPRAGMA index_info('index_artists_on_artist_name')[0m
  [1m[35m (89.0ms)[0m  CREATE UNIQUE INDEX "index_artists_on_page_link" ON "artists" ("page_link")
  [1m[36m (98.0ms)[0m  [1mCREATE TABLE "credits" ("id" INTEGER PRIMARY KEY AUTOINCREMENT NOT NULL, "image_id" integer, "artist_id" integer, "created_at" datetime NOT NULL, "updated_at" datetime NOT NULL) [0m
  [1m[35m (0.0ms)[0m  PRAGMA index_list("credits")
  [1m[36m (80.0ms)[0m  [1mCREATE INDEX "index_credits_on_artist_id" ON "credits" ("artist_id")[0m
  [1m[35m (0.0ms)[0m  PRAGMA index_list("credits")
  [1m[36m (0.0ms)[0m  [1mPRAGMA index_info('index_credits_on_artist_id')[0m
  [1m[35m (122.0ms)[0m  CREATE INDEX "index_credits_on_image_id" ON "credits" ("image_id")
  [1m[36m (81.0ms)[0m  [1mCREATE TABLE "images" ("id" INTEGER PRIMARY KEY AUTOINCREMENT NOT NULL, "credit_id" integer, "image_link" varchar(255), "facebook_link" varchar(255), "gplus_link" varchar(255), "is_commercial" boolean, "is_filtered" boolean, "is_front_page" boolean, "is_published" boolean, "view_count" integer, "created_at" datetime NOT NULL, "updated_at" datetime NOT NULL) [0m
  [1m[35m (0.0ms)[0m  PRAGMA index_list("images")
  [1m[36m (72.0ms)[0m  [1mCREATE UNIQUE INDEX "index_images_on_credit_id" ON "images" ("credit_id")[0m
  [1m[35m (1.0ms)[0m  PRAGMA index_list("images")
  [1m[36m (0.0ms)[0m  [1mPRAGMA index_info('index_images_on_credit_id')[0m
  [1m[35m (114.0ms)[0m  CREATE UNIQUE INDEX "index_images_on_facebook_link" ON "images" ("facebook_link")
  [1m[36m (0.0ms)[0m  [1mPRAGMA index_list("images")[0m
  [1m[35m (0.0ms)[0m  PRAGMA index_info('index_images_on_facebook_link')
  [1m[36m (0.0ms)[0m  [1mPRAGMA index_info('index_images_on_credit_id')[0m
  [1m[35m (81.0ms)[0m  CREATE UNIQUE INDEX "index_images_on_gplus_link" ON "images" ("gplus_link")
  [1m[36m (1.0ms)[0m  [1mPRAGMA index_list("images")[0m
  [1m[35m (0.0ms)[0m  PRAGMA index_info('index_images_on_gplus_link')
  [1m[36m (0.0ms)[0m  [1mPRAGMA index_info('index_images_on_facebook_link')[0m
  [1m[35m (0.0ms)[0m  PRAGMA index_info('index_images_on_credit_id')
  [1m[36m (129.0ms)[0m  [1mCREATE UNIQUE INDEX "index_images_on_image_link" ON "images" ("image_link")[0m
  [1m[35m (96.0ms)[0m  CREATE TABLE "users" ("id" INTEGER PRIMARY KEY AUTOINCREMENT NOT NULL, "username" varchar(255), "email" varchar(255), "level" integer, "artist_id" integer, "password_digest" varchar(255), "created_at" datetime NOT NULL, "updated_at" datetime NOT NULL) 
  [1m[36m (0.0ms)[0m  [1mPRAGMA index_list("users")[0m
  [1m[35m (138.0ms)[0m  CREATE UNIQUE INDEX "index_users_on_email" ON "users" ("email")
  [1m[36m (1.0ms)[0m  [1mPRAGMA index_list("users")[0m
  [1m[35m (0.0ms)[0m  PRAGMA index_info('index_users_on_email')
  [1m[36m (66.0ms)[0m  [1mCREATE UNIQUE INDEX "index_users_on_username" ON "users" ("username")[0m
  [1m[35m (83.0ms)[0m  CREATE TABLE "schema_migrations" ("version" varchar(255) NOT NULL) 
  [1m[36m (0.0ms)[0m  [1mPRAGMA index_list("schema_migrations")[0m
  [1m[35m (81.0ms)[0m  CREATE UNIQUE INDEX "unique_schema_migrations" ON "schema_migrations" ("version")
  [1m[36m (0.0ms)[0m  [1mSELECT version FROM "schema_migrations"[0m
  [1m[35m (83.0ms)[0m  INSERT INTO "schema_migrations" (version) VALUES ('20130110025320')
  [1m[36m (92.0ms)[0m  [1mINSERT INTO "schema_migrations" (version) VALUES ('20130108192459')[0m
  [1m[35m (103.0ms)[0m  INSERT INTO "schema_migrations" (version) VALUES ('20130109162344')
  [1m[36m (230.0ms)[0m  [1mINSERT INTO "schema_migrations" (version) VALUES ('20130109221124')[0m
Connecting to database specified by database.yml
